<?xml version="1.0" encoding="UTF-8"?>
<!-- Generated by org.testng.reporters.JUnitReportReporter -->
<testsuite hostname="DESKTOP-13JS0GR" failures="0" tests="1" name="testN.NG.NewTest" time="0.009" errors="0" timestamp="11 4æœˆ 2019 08:16:04 GMT" skipped="0">
  <testcase classname="testN.NG.NewTest" name="f" time="0.009"/>
</testsuite> <!-- testN.NG.NewTest -->
