<?xml version="1.0" encoding="UTF-8"?>
<!-- Generated by org.testng.reporters.JUnitReportReporter -->
<testsuite hostname="DESKTOP-13JS0GR" failures="0" tests="1" name="testN.NG.TestDemo" time="0.619" errors="0" timestamp="28 4æœˆ 2019 06:25:01 GMT" skipped="0">
  <testcase classname="testN.NG.TestDemo" name="f" time="0.619"/>
</testsuite> <!-- testN.NG.TestDemo -->
